{"/home/asansari/workspace/redhat/debezium-ui-poc/ui/packages/ui/src/app/components/PageLoader.tsx": {"path":"/home/asansari/workspace/redhat/debezium-ui-poc/ui/packages/ui/src/app/components/PageLoader.tsx","statementMap":{"0":{"start":{"line":1,"column":0},"end":{"line":1,"column":72}},"1":{"start":{"line":2,"column":0},"end":{"line":2,"column":26}},"2":{"start":{"line":4,"column":13},"end":{"line":12,"column":2}},"3":{"start":{"line":5,"column":2},"end":{"line":11,"column":4}}},"fnMap":{"0":{"name":"(anonymous_0)","decl":{"start":{"line":4,"column":51},"end":{"line":4,"column":null}},"loc":{"start":{"line":4,"column":51},"end":{"line":12,"column":1}}}},"branchMap":{},"s":{"0":1,"1":1,"2":1,"3":1},"f":{"0":1},"b":{}}
}
